Mensaje I / 00:00:00:000 / Root(00) para top(01)
Mensaje I / 00:00:00:000 / top(01) para managing_console(02)
Mensaje D / 00:00:00:000 / managing_console(02) / ... para top(01)
Mensaje D / 00:00:00:000 / top(01) / ... para Root(00)
Mensaje X / 00:00:00:005 / Root(00) / noclients1 /     30.00000 para top(01)
Mensaje X / 00:00:00:005 / top(01) / noclients1 /     30.00000 para managing_console(02)
Mensaje Y / 00:00:00:005 / managing_console(02) / noclients /     30.00000 para top(01)
Mensaje Y / 00:00:00:005 / managing_console(02) / command2 /     21.00000 para top(01)
Mensaje D / 00:00:00:005 / managing_console(02) / ... para top(01)
Mensaje Y / 00:00:00:005 / top(01) / noclients /     30.00000 para Root(00)
Mensaje Y / 00:00:00:005 / top(01) / command2 /     21.00000 para Root(00)
Mensaje D / 00:00:00:005 / top(01) / ... para Root(00)
Mensaje X / 00:00:00:005 / Root(00) / serverstate1 /      1.00000 para top(01)
Mensaje X / 00:00:00:005 / top(01) / serverstate1 /      1.00000 para managing_console(02)
Mensaje Y / 00:00:00:005 / managing_console(02) / serverstates /     11.00000 para top(01)
Mensaje D / 00:00:00:005 / managing_console(02) / ... para top(01)
Mensaje Y / 00:00:00:005 / top(01) / serverstate /     11.00000 para Root(00)
Mensaje D / 00:00:00:005 / top(01) / ... para Root(00)
Mensaje X / 00:00:00:015 / Root(00) / noclients1 /     70.00000 para top(01)
Mensaje X / 00:00:00:015 / top(01) / noclients1 /     70.00000 para managing_console(02)
Mensaje Y / 00:00:00:015 / managing_console(02) / noclients /     70.00000 para top(01)
Mensaje D / 00:00:00:015 / managing_console(02) / ... para top(01)
Mensaje Y / 00:00:00:015 / top(01) / noclients /     70.00000 para Root(00)
Mensaje D / 00:00:00:015 / top(01) / ... para Root(00)
Mensaje X / 00:00:00:015 / Root(00) / serverstate1 /      1.00000 para top(01)
Mensaje X / 00:00:00:015 / top(01) / serverstate1 /      1.00000 para managing_console(02)
Mensaje Y / 00:00:00:015 / managing_console(02) / serverstates /     11.00000 para top(01)
Mensaje D / 00:00:00:015 / managing_console(02) / ... para top(01)
Mensaje Y / 00:00:00:015 / top(01) / serverstate /     11.00000 para Root(00)
Mensaje D / 00:00:00:015 / top(01) / ... para Root(00)
Mensaje X / 00:00:00:025 / Root(00) / noclients1 /    130.00000 para top(01)
Mensaje X / 00:00:00:025 / top(01) / noclients1 /    130.00000 para managing_console(02)
Mensaje Y / 00:00:00:025 / managing_console(02) / noclients /    130.00000 para top(01)
Mensaje Y / 00:00:00:025 / managing_console(02) / command1 /     12.00000 para top(01)
Mensaje D / 00:00:00:025 / managing_console(02) / ... para top(01)
Mensaje Y / 00:00:00:025 / top(01) / noclients /    130.00000 para Root(00)
Mensaje Y / 00:00:00:025 / top(01) / command1 /     12.00000 para Root(00)
Mensaje D / 00:00:00:025 / top(01) / ... para Root(00)
Mensaje X / 00:00:00:025 / Root(00) / serverstate1 /      1.00000 para top(01)
Mensaje X / 00:00:00:025 / top(01) / serverstate1 /      1.00000 para managing_console(02)
Mensaje Y / 00:00:00:025 / managing_console(02) / serverstates /     11.00000 para top(01)
Mensaje D / 00:00:00:025 / managing_console(02) / ... para top(01)
Mensaje Y / 00:00:00:025 / top(01) / serverstate /     11.00000 para Root(00)
Mensaje D / 00:00:00:025 / top(01) / ... para Root(00)
Mensaje X / 00:00:00:035 / Root(00) / noclients1 /     80.00000 para top(01)
Mensaje X / 00:00:00:035 / top(01) / noclients1 /     80.00000 para managing_console(02)
Mensaje Y / 00:00:00:035 / managing_console(02) / noclients /     80.00000 para top(01)
Mensaje D / 00:00:00:035 / managing_console(02) / ... para top(01)
Mensaje Y / 00:00:00:035 / top(01) / noclients /     80.00000 para Root(00)
Mensaje D / 00:00:00:035 / top(01) / ... para Root(00)
Mensaje X / 00:00:00:035 / Root(00) / serverstate1 /      1.00000 para top(01)
Mensaje X / 00:00:00:035 / top(01) / serverstate1 /      1.00000 para managing_console(02)
Mensaje Y / 00:00:00:035 / managing_console(02) / serverstates /     11.00000 para top(01)
Mensaje D / 00:00:00:035 / managing_console(02) / ... para top(01)
Mensaje Y / 00:00:00:035 / top(01) / serverstate /     11.00000 para Root(00)
Mensaje D / 00:00:00:035 / top(01) / ... para Root(00)
Mensaje X / 00:00:00:040 / Root(00) / serverstate1 /      1.00000 para top(01)
Mensaje X / 00:00:00:040 / top(01) / serverstate1 /      1.00000 para managing_console(02)
Mensaje Y / 00:00:00:040 / managing_console(02) / serverstates /     11.00000 para top(01)
Mensaje D / 00:00:00:040 / managing_console(02) / ... para top(01)
Mensaje Y / 00:00:00:040 / top(01) / serverstate /     11.00000 para Root(00)
Mensaje D / 00:00:00:040 / top(01) / ... para Root(00)
