Mensaje I / 00:00:00:000 / Root(00) para top(01)
Mensaje I / 00:00:00:000 / top(01) para server1(02)
Mensaje I / 00:00:00:000 / top(01) para server2(03)
Mensaje I / 00:00:00:000 / top(01) para server3(04)
Mensaje D / 00:00:00:000 / server1(02) / ... para top(01)
Mensaje D / 00:00:00:000 / server2(03) / ... para top(01)
Mensaje D / 00:00:00:000 / server3(04) / ... para top(01)
Mensaje D / 00:00:00:000 / top(01) / ... para Root(00)
Mensaje X / 00:00:00:005 / Root(00) / clients1 /    300.00000 para top(01)
Mensaje X / 00:00:00:005 / top(01) / clients1 /    300.00000 para server1(02)
Mensaje Y / 00:00:00:005 / server1(02) / noclients1 /     30.00000 para top(01)
Mensaje Y / 00:00:00:005 / server1(02) / serverstate1 /      1.00000 para top(01)
Mensaje D / 00:00:00:005 / server1(02) / 00:00:10:000 para top(01)
Mensaje Y / 00:00:00:005 / top(01) / noclients1 /     30.00000 para Root(00)
Mensaje Y / 00:00:00:005 / top(01) / serverstate1 /      1.00000 para Root(00)
Mensaje D / 00:00:00:005 / top(01) / 00:00:10:000 para Root(00)
Mensaje X / 00:00:00:015 / Root(00) / clients1 /    400.00000 para top(01)
Mensaje X / 00:00:00:015 / top(01) / clients1 /    400.00000 para server1(02)
Mensaje Y / 00:00:00:015 / server1(02) / noclients1 /     70.00000 para top(01)
Mensaje Y / 00:00:00:015 / server1(02) / serverstate1 /      1.00000 para top(01)
Mensaje D / 00:00:00:015 / server1(02) / 00:00:10:000 para top(01)
Mensaje Y / 00:00:00:015 / top(01) / noclients1 /     70.00000 para Root(00)
Mensaje Y / 00:00:00:015 / top(01) / serverstate1 /      1.00000 para Root(00)
Mensaje D / 00:00:00:015 / top(01) / 00:00:10:000 para Root(00)
Mensaje X / 00:00:00:025 / Root(00) / clients1 /    600.00000 para top(01)
Mensaje X / 00:00:00:025 / top(01) / clients1 /    600.00000 para server1(02)
Mensaje Y / 00:00:00:025 / server1(02) / noclients1 /    130.00000 para top(01)
Mensaje Y / 00:00:00:025 / server1(02) / serverstate1 /      1.00000 para top(01)
Mensaje D / 00:00:00:025 / server1(02) / 00:00:10:000 para top(01)
Mensaje Y / 00:00:00:025 / top(01) / noclients1 /    130.00000 para Root(00)
Mensaje Y / 00:00:00:025 / top(01) / serverstate1 /      1.00000 para Root(00)
Mensaje D / 00:00:00:025 / top(01) / 00:00:10:000 para Root(00)
Mensaje X / 00:00:00:030 / Root(00) / command1 /     12.00000 para top(01)
Mensaje X / 00:00:00:030 / top(01) / command1 /     12.00000 para server1(02)
Mensaje Y / 00:00:00:030 / server1(02) / users12 /     30.00000 para top(01)
Mensaje D / 00:00:00:030 / server1(02) / 00:00:09:995 para top(01)
Mensaje X / 00:00:00:030 / top(01) / users12 /     30.00000 para server2(03)
Mensaje Y / 00:00:00:030 / server2(03) / noclients2 /     30.00000 para top(01)
Mensaje D / 00:00:00:030 / server2(03) / ... para top(01)
Mensaje Y / 00:00:00:030 / top(01) / noclients2 /     30.00000 para Root(00)
Mensaje D / 00:00:00:030 / top(01) / 00:00:09:995 para Root(00)
Mensaje X / 00:00:00:035 / Root(00) / clients1 /    501.00000 para top(01)
Mensaje X / 00:00:00:035 / top(01) / clients1 /    501.00000 para server1(02)
Mensaje Y / 00:00:00:035 / server1(02) / noclients1 /     50.00000 para top(01)
Mensaje Y / 00:00:00:035 / server1(02) / serverstate1 /      1.00000 para top(01)
Mensaje D / 00:00:00:035 / server1(02) / 00:00:10:000 para top(01)
Mensaje Y / 00:00:00:035 / top(01) / noclients1 /     50.00000 para Root(00)
Mensaje Y / 00:00:00:035 / top(01) / serverstate1 /      1.00000 para Root(00)
Mensaje D / 00:00:00:035 / top(01) / 00:00:10:000 para Root(00)
Mensaje X / 00:00:00:040 / Root(00) / fault /      0.00000 para top(01)
Mensaje X / 00:00:00:040 / top(01) / fault /      0.00000 para server1(02)
Mensaje Y / 00:00:00:040 / server1(02) / serverstate1 /      1.00000 para top(01)
Mensaje D / 00:00:00:040 / server1(02) / 00:00:09:995 para top(01)
Mensaje Y / 00:00:00:040 / top(01) / serverstate1 /      1.00000 para Root(00)
Mensaje D / 00:00:00:040 / top(01) / 00:00:09:995 para Root(00)
