Mensaje I / 00:00:00:000 / Root(00) para top(01)
Mensaje I / 00:00:00:000 / top(01) para server1(02)
Mensaje D / 00:00:00:000 / server1(02) / ... para top(01)
Mensaje D / 00:00:00:000 / top(01) / ... para Root(00)
Mensaje X / 00:00:00:005 / Root(00) / clients1 /    100.00000 para top(01)
Mensaje X / 00:00:00:005 / top(01) / clients1 /    100.00000 para server1(02)
Mensaje Y / 00:00:00:005 / server1(02) / noclients1 /     10.00000 para top(01)
Mensaje Y / 00:00:00:005 / server1(02) / serverstate1 /      1.00000 para top(01)
Mensaje D / 00:00:00:005 / server1(02) / ... para top(01)
Mensaje Y / 00:00:00:005 / top(01) / noclients1 /     10.00000 para Root(00)
Mensaje Y / 00:00:00:005 / top(01) / serverstate1 /      1.00000 para Root(00)
Mensaje D / 00:00:00:005 / top(01) / ... para Root(00)
Mensaje X / 00:00:00:010 / Root(00) / fault /      1.00000 para top(01)
Mensaje X / 00:00:00:010 / top(01) / fault /      1.00000 para server1(02)
Mensaje Y / 00:00:00:010 / server1(02) / serverstate1 /      0.00000 para top(01)
Mensaje D / 00:00:00:010 / server1(02) / ... para top(01)
Mensaje Y / 00:00:00:010 / top(01) / serverstate1 /      0.00000 para Root(00)
Mensaje D / 00:00:00:010 / top(01) / ... para Root(00)
Mensaje X / 00:00:00:025 / Root(00) / clients1 /    200.00000 para top(01)
Mensaje X / 00:00:00:025 / top(01) / clients1 /    200.00000 para server1(02)
Mensaje Y / 00:00:00:025 / server1(02) / users13 /     30.00000 para top(01)
Mensaje D / 00:00:00:025 / server1(02) / ... para top(01)
Mensaje Y / 00:00:00:025 / top(01) / users13 /     30.00000 para Root(00)
Mensaje D / 00:00:00:025 / top(01) / ... para Root(00)
Mensaje X / 00:00:00:030 / Root(00) / fault /      0.00000 para top(01)
Mensaje X / 00:00:00:030 / top(01) / fault /      0.00000 para server1(02)
Mensaje Y / 00:00:00:030 / server1(02) / serverstate1 /      1.00000 para top(01)
Mensaje D / 00:00:00:030 / server1(02) / ... para top(01)
Mensaje Y / 00:00:00:030 / top(01) / serverstate1 /      1.00000 para Root(00)
Mensaje D / 00:00:00:030 / top(01) / ... para Root(00)
Mensaje X / 00:00:00:040 / Root(00) / clients1 /    160.00000 para top(01)
Mensaje X / 00:00:00:040 / top(01) / clients1 /    160.00000 para server1(02)
Mensaje Y / 00:00:00:040 / server1(02) / noclients1 /     46.00000 para top(01)
Mensaje Y / 00:00:00:040 / server1(02) / serverstate1 /      1.00000 para top(01)
Mensaje D / 00:00:00:040 / server1(02) / ... para top(01)
Mensaje Y / 00:00:00:040 / top(01) / noclients1 /     46.00000 para Root(00)
Mensaje Y / 00:00:00:040 / top(01) / serverstate1 /      1.00000 para Root(00)
Mensaje D / 00:00:00:040 / top(01) / ... para Root(00)
