Mensaje I / 00:00:00:000 / Root(00) para top(01)
Mensaje I / 00:00:00:000 / top(01) para server2(02)
Mensaje D / 00:00:00:000 / server2(02) / ... para top(01)
Mensaje D / 00:00:00:000 / top(01) / ... para Root(00)
Mensaje X / 00:00:00:005 / Root(00) / users12 /     41.00000 para top(01)
Mensaje X / 00:00:00:005 / top(01) / users12 /     41.00000 para server2(02)
Mensaje Y / 00:00:00:005 / server2(02) / noclients2 /     41.00000 para top(01)
Mensaje D / 00:00:00:005 / server2(02) / ... para top(01)
Mensaje Y / 00:00:00:005 / top(01) / noclients2 /     41.00000 para Root(00)
Mensaje D / 00:00:00:005 / top(01) / ... para Root(00)
Mensaje X / 00:00:00:010 / Root(00) / users12 /     21.00000 para top(01)
Mensaje X / 00:00:00:010 / top(01) / users12 /     21.00000 para server2(02)
Mensaje Y / 00:00:00:010 / server2(02) / noclients2 /     62.00000 para top(01)
Mensaje D / 00:00:00:010 / server2(02) / ... para top(01)
Mensaje Y / 00:00:00:010 / top(01) / noclients2 /     62.00000 para Root(00)
Mensaje D / 00:00:00:010 / top(01) / ... para Root(00)
Mensaje X / 00:00:00:015 / Root(00) / command2 /     21.00000 para top(01)
Mensaje X / 00:00:00:015 / top(01) / command2 /     21.00000 para server2(02)
Mensaje Y / 00:00:00:015 / server2(02) / users21 /     62.00000 para top(01)
Mensaje Y / 00:00:00:015 / server2(02) / serverstate2 /      0.00000 para top(01)
Mensaje Y / 00:00:00:015 / server2(02) / users21 /      0.00000 para top(01)
Mensaje D / 00:00:00:015 / server2(02) / ... para top(01)
Mensaje Y / 00:00:00:015 / top(01) / users21 /     62.00000 para Root(00)
Mensaje Y / 00:00:00:015 / top(01) / serverstate2 /      0.00000 para Root(00)
Mensaje Y / 00:00:00:015 / top(01) / users21 /      0.00000 para Root(00)
Mensaje D / 00:00:00:015 / top(01) / ... para Root(00)
