Mensaje I / 00:00:00:000 / Root(00) para top(01)
Mensaje I / 00:00:00:000 / top(01) para server3(02)
Mensaje D / 00:00:00:000 / server3(02) / ... para top(01)
Mensaje D / 00:00:00:000 / top(01) / ... para Root(00)
Mensaje X / 00:00:00:005 / Root(00) / users13 /     60.00000 para top(01)
Mensaje X / 00:00:00:005 / top(01) / users13 /     60.00000 para server3(02)
Mensaje Y / 00:00:00:005 / server3(02) / noclients3 /     60.00000 para top(01)
Mensaje D / 00:00:00:005 / server3(02) / ... para top(01)
Mensaje Y / 00:00:00:005 / top(01) / noclients3 /     60.00000 para Root(00)
Mensaje D / 00:00:00:005 / top(01) / ... para Root(00)
Mensaje X / 00:00:00:010 / Root(00) / users13 /     11.00000 para top(01)
Mensaje X / 00:00:00:010 / top(01) / users13 /     11.00000 para server3(02)
Mensaje Y / 00:00:00:010 / server3(02) / noclients3 /     71.00000 para top(01)
Mensaje D / 00:00:00:010 / server3(02) / ... para top(01)
Mensaje Y / 00:00:00:010 / top(01) / noclients3 /     71.00000 para Root(00)
Mensaje D / 00:00:00:010 / top(01) / ... para Root(00)
Mensaje X / 00:00:00:015 / Root(00) / command3 /     31.00000 para top(01)
Mensaje X / 00:00:00:015 / top(01) / command3 /     31.00000 para server3(02)
Mensaje Y / 00:00:00:015 / server3(02) / users31 /     71.00000 para top(01)
Mensaje Y / 00:00:00:015 / server3(02) / serverstate3 /      0.00000 para top(01)
Mensaje Y / 00:00:00:015 / server3(02) / users31 /      0.00000 para top(01)
Mensaje D / 00:00:00:015 / server3(02) / ... para top(01)
Mensaje Y / 00:00:00:015 / top(01) / users31 /     71.00000 para Root(00)
Mensaje Y / 00:00:00:015 / top(01) / serverstate3 /      0.00000 para Root(00)
Mensaje Y / 00:00:00:015 / top(01) / users31 /      0.00000 para Root(00)
Mensaje D / 00:00:00:015 / top(01) / ... para Root(00)
