Mensaje I / 00:00:00:000 / Root(00) para top(01)
Mensaje I / 00:00:00:000 / top(01) para managing_console(02)
Mensaje I / 00:00:00:000 / top(01) para network2(03)
Mensaje D / 00:00:00:000 / managing_console(02) / ... para top(01)
Mensaje I / 00:00:00:000 / network2(03) para server1(04)
Mensaje I / 00:00:00:000 / network2(03) para server2(05)
Mensaje I / 00:00:00:000 / network2(03) para server3(06)
Mensaje D / 00:00:00:000 / server1(04) / ... para network2(03)
Mensaje D / 00:00:00:000 / server2(05) / ... para network2(03)
Mensaje D / 00:00:00:000 / server3(06) / ... para network2(03)
Mensaje D / 00:00:00:000 / network2(03) / ... para top(01)
Mensaje D / 00:00:00:000 / top(01) / ... para Root(00)
Mensaje X / 00:00:00:005 / Root(00) / clients1 /    100.00000 para top(01)
Mensaje X / 00:00:00:005 / top(01) / clients1 /    100.00000 para network2(03)
Mensaje X / 00:00:00:005 / network2(03) / clients1 /    100.00000 para server1(04)
Mensaje Y / 00:00:00:005 / server1(04) / noclients1 /     10.00000 para network2(03)
Mensaje Y / 00:00:00:005 / server1(04) / serverstate1 /      1.00000 para network2(03)
Mensaje D / 00:00:00:005 / server1(04) / ... para network2(03)
Mensaje Y / 00:00:00:005 / network2(03) / noclients1 /     10.00000 para top(01)
Mensaje Y / 00:00:00:005 / network2(03) / serverstate1 /      1.00000 para top(01)
Mensaje D / 00:00:00:005 / network2(03) / ... para top(01)
Mensaje X / 00:00:00:005 / top(01) / noclients1 /     10.00000 para managing_console(02)
Mensaje X / 00:00:00:005 / top(01) / serverstate1 /      1.00000 para managing_console(02)
Mensaje D / 00:00:00:005 / managing_console(02) / ... para top(01)
Mensaje Y / 00:00:00:005 / managing_console(02) / serverstates /     11.00000 para top(01)
Mensaje D / 00:00:00:005 / managing_console(02) / ... para top(01)
Mensaje Y / 00:00:00:005 / top(01) / serverstates /     11.00000 para Root(00)
Mensaje D / 00:00:00:005 / top(01) / ... para Root(00)
Mensaje X / 00:00:00:015 / Root(00) / clients1 /    200.00000 para top(01)
Mensaje X / 00:00:00:015 / top(01) / clients1 /    200.00000 para network2(03)
Mensaje X / 00:00:00:015 / network2(03) / clients1 /    200.00000 para server1(04)
Mensaje Y / 00:00:00:015 / server1(04) / noclients1 /     30.00000 para network2(03)
Mensaje Y / 00:00:00:015 / server1(04) / serverstate1 /      1.00000 para network2(03)
Mensaje D / 00:00:00:015 / server1(04) / ... para network2(03)
Mensaje Y / 00:00:00:015 / network2(03) / noclients1 /     30.00000 para top(01)
Mensaje Y / 00:00:00:015 / network2(03) / serverstate1 /      1.00000 para top(01)
Mensaje D / 00:00:00:015 / network2(03) / ... para top(01)
Mensaje X / 00:00:00:015 / top(01) / noclients1 /     30.00000 para managing_console(02)
Mensaje X / 00:00:00:015 / top(01) / serverstate1 /      1.00000 para managing_console(02)
Mensaje D / 00:00:00:015 / managing_console(02) / ... para top(01)
Mensaje Y / 00:00:00:015 / managing_console(02) / serverstates /     11.00000 para top(01)
Mensaje D / 00:00:00:015 / managing_console(02) / ... para top(01)
Mensaje Y / 00:00:00:015 / top(01) / serverstates /     11.00000 para Root(00)
Mensaje D / 00:00:00:015 / top(01) / ... para Root(00)
Mensaje X / 00:00:00:025 / Root(00) / clients1 /    140.00000 para top(01)
Mensaje X / 00:00:00:025 / top(01) / clients1 /    140.00000 para network2(03)
Mensaje X / 00:00:00:025 / network2(03) / clients1 /    140.00000 para server1(04)
Mensaje Y / 00:00:00:025 / server1(04) / noclients1 /     44.00000 para network2(03)
Mensaje Y / 00:00:00:025 / server1(04) / serverstate1 /      1.00000 para network2(03)
Mensaje D / 00:00:00:025 / server1(04) / ... para network2(03)
Mensaje Y / 00:00:00:025 / network2(03) / noclients1 /     44.00000 para top(01)
Mensaje Y / 00:00:00:025 / network2(03) / serverstate1 /      1.00000 para top(01)
Mensaje D / 00:00:00:025 / network2(03) / ... para top(01)
Mensaje X / 00:00:00:025 / top(01) / noclients1 /     44.00000 para managing_console(02)
Mensaje X / 00:00:00:025 / top(01) / serverstate1 /      1.00000 para managing_console(02)
Mensaje D / 00:00:00:025 / managing_console(02) / ... para top(01)
Mensaje Y / 00:00:00:025 / managing_console(02) / serverstates /     11.00000 para top(01)
Mensaje D / 00:00:00:025 / managing_console(02) / ... para top(01)
Mensaje Y / 00:00:00:025 / top(01) / serverstates /     11.00000 para Root(00)
Mensaje D / 00:00:00:025 / top(01) / ... para Root(00)
Mensaje X / 00:00:00:035 / Root(00) / clients1 /    121.00000 para top(01)
Mensaje X / 00:00:00:035 / top(01) / clients1 /    121.00000 para network2(03)
Mensaje X / 00:00:00:035 / network2(03) / clients1 /    121.00000 para server1(04)
Mensaje Y / 00:00:00:035 / server1(04) / noclients1 /     32.00000 para network2(03)
Mensaje Y / 00:00:00:035 / server1(04) / serverstate1 /      1.00000 para network2(03)
Mensaje D / 00:00:00:035 / server1(04) / ... para network2(03)
Mensaje Y / 00:00:00:035 / network2(03) / noclients1 /     32.00000 para top(01)
Mensaje Y / 00:00:00:035 / network2(03) / serverstate1 /      1.00000 para top(01)
Mensaje D / 00:00:00:035 / network2(03) / ... para top(01)
Mensaje X / 00:00:00:035 / top(01) / noclients1 /     32.00000 para managing_console(02)
Mensaje X / 00:00:00:035 / top(01) / serverstate1 /      1.00000 para managing_console(02)
Mensaje D / 00:00:00:035 / managing_console(02) / ... para top(01)
Mensaje Y / 00:00:00:035 / managing_console(02) / serverstates /     11.00000 para top(01)
Mensaje D / 00:00:00:035 / managing_console(02) / ... para top(01)
Mensaje Y / 00:00:00:035 / top(01) / serverstates /     11.00000 para Root(00)
Mensaje D / 00:00:00:035 / top(01) / ... para Root(00)
Mensaje X / 00:00:00:040 / Root(00) / clients1 /    800.00000 para top(01)
Mensaje X / 00:00:00:040 / top(01) / clients1 /    800.00000 para network2(03)
Mensaje X / 00:00:00:040 / network2(03) / clients1 /    800.00000 para server1(04)
Mensaje Y / 00:00:00:040 / server1(04) / noclients1 /    112.00000 para network2(03)
Mensaje Y / 00:00:00:040 / server1(04) / serverstate1 /      1.00000 para network2(03)
Mensaje D / 00:00:00:040 / server1(04) / ... para network2(03)
Mensaje Y / 00:00:00:040 / network2(03) / noclients1 /    112.00000 para top(01)
Mensaje Y / 00:00:00:040 / network2(03) / serverstate1 /      1.00000 para top(01)
Mensaje D / 00:00:00:040 / network2(03) / ... para top(01)
Mensaje X / 00:00:00:040 / top(01) / noclients1 /    112.00000 para managing_console(02)
Mensaje X / 00:00:00:040 / top(01) / serverstate1 /      1.00000 para managing_console(02)
Mensaje Y / 00:00:00:040 / managing_console(02) / command1 /     12.00000 para top(01)
Mensaje D / 00:00:00:040 / managing_console(02) / ... para top(01)
Mensaje Y / 00:00:00:040 / managing_console(02) / serverstates /     11.00000 para top(01)
Mensaje D / 00:00:00:040 / managing_console(02) / ... para top(01)
Mensaje X / 00:00:00:040 / top(01) / command1 /     12.00000 para network2(03)
Mensaje Y / 00:00:00:040 / top(01) / serverstates /     11.00000 para Root(00)
Mensaje X / 00:00:00:040 / network2(03) / command1 /     12.00000 para server1(04)
Mensaje Y / 00:00:00:040 / server1(04) / users12 /     12.00000 para network2(03)
Mensaje Y / 00:00:00:040 / server1(04) / noclients1 /    100.00000 para network2(03)
Mensaje D / 00:00:00:040 / server1(04) / ... para network2(03)
Mensaje X / 00:00:00:040 / network2(03) / users12 /     12.00000 para server2(05)
Mensaje Y / 00:00:00:040 / network2(03) / noclients1 /    100.00000 para top(01)
Mensaje Y / 00:00:00:040 / server2(05) / noclients2 /     12.00000 para network2(03)
Mensaje D / 00:00:00:040 / server2(05) / ... para network2(03)
Mensaje X / 00:00:00:040 / top(01) / noclients1 /    100.00000 para managing_console(02)
Mensaje Y / 00:00:00:040 / network2(03) / noclients2 /     12.00000 para top(01)
Mensaje D / 00:00:00:040 / network2(03) / ... para top(01)
Mensaje D / 00:00:00:040 / managing_console(02) / ... para top(01)
Mensaje X / 00:00:00:040 / top(01) / noclients2 /     12.00000 para managing_console(02)
Mensaje Y / 00:00:00:040 / managing_console(02) / serverstates /     21.00000 para top(01)
Mensaje Y / 00:00:00:040 / managing_console(02) / noclients /     12.00000 para top(01)
Mensaje D / 00:00:00:040 / managing_console(02) / ... para top(01)
Mensaje Y / 00:00:00:040 / top(01) / serverstates /     21.00000 para Root(00)
Mensaje Y / 00:00:00:040 / top(01) / noclients /     12.00000 para Root(00)
Mensaje D / 00:00:00:040 / top(01) / ... para Root(00)
Mensaje X / 00:00:00:045 / Root(00) / clients1 /    801.00000 para top(01)
Mensaje X / 00:00:00:045 / top(01) / clients1 /    801.00000 para network2(03)
Mensaje X / 00:00:00:045 / network2(03) / clients1 /    801.00000 para server1(04)
Mensaje Y / 00:00:00:045 / server1(04) / noclients1 /     20.00000 para network2(03)
Mensaje Y / 00:00:00:045 / server1(04) / serverstate1 /      1.00000 para network2(03)
Mensaje D / 00:00:00:045 / server1(04) / ... para network2(03)
Mensaje Y / 00:00:00:045 / network2(03) / noclients1 /     20.00000 para top(01)
Mensaje Y / 00:00:00:045 / network2(03) / serverstate1 /      1.00000 para top(01)
Mensaje D / 00:00:00:045 / network2(03) / ... para top(01)
Mensaje X / 00:00:00:045 / top(01) / noclients1 /     20.00000 para managing_console(02)
Mensaje X / 00:00:00:045 / top(01) / serverstate1 /      1.00000 para managing_console(02)
Mensaje Y / 00:00:00:045 / managing_console(02) / command2 /     21.00000 para top(01)
Mensaje D / 00:00:00:045 / managing_console(02) / ... para top(01)
Mensaje Y / 00:00:00:045 / managing_console(02) / serverstates /     11.00000 para top(01)
Mensaje D / 00:00:00:045 / managing_console(02) / ... para top(01)
Mensaje X / 00:00:00:045 / top(01) / command2 /     21.00000 para network2(03)
Mensaje Y / 00:00:00:045 / top(01) / serverstates /     11.00000 para Root(00)
Mensaje X / 00:00:00:045 / network2(03) / command2 /     21.00000 para server2(05)
Mensaje Y / 00:00:00:045 / server2(05) / users21 /     12.00000 para network2(03)
Mensaje Y / 00:00:00:045 / server2(05) / serverstate2 /      0.00000 para network2(03)
Mensaje D / 00:00:00:045 / server2(05) / ... para network2(03)
Mensaje X / 00:00:00:045 / network2(03) / users21 /     12.00000 para server1(04)
Mensaje Y / 00:00:00:045 / network2(03) / serverstate2 /      0.00000 para top(01)
Mensaje Y / 00:00:00:045 / server1(04) / noclients1 /     32.00000 para network2(03)
Mensaje Y / 00:00:00:045 / server1(04) / serverstate1 /      1.00000 para network2(03)
Mensaje D / 00:00:00:045 / server1(04) / ... para network2(03)
Mensaje X / 00:00:00:045 / top(01) / serverstate2 /      0.00000 para managing_console(02)
Mensaje Y / 00:00:00:045 / network2(03) / noclients1 /     32.00000 para top(01)
Mensaje Y / 00:00:00:045 / network2(03) / serverstate1 /      1.00000 para top(01)
Mensaje D / 00:00:00:045 / network2(03) / ... para top(01)
Mensaje Y / 00:00:00:045 / managing_console(02) / serverstates /     20.00000 para top(01)
Mensaje D / 00:00:00:045 / managing_console(02) / ... para top(01)
Mensaje X / 00:00:00:045 / top(01) / noclients1 /     32.00000 para managing_console(02)
Mensaje X / 00:00:00:045 / top(01) / serverstate1 /      1.00000 para managing_console(02)
Mensaje Y / 00:00:00:045 / top(01) / serverstates /     20.00000 para Root(00)
Mensaje D / 00:00:00:045 / managing_console(02) / ... para top(01)
Mensaje Y / 00:00:00:045 / managing_console(02) / serverstates /     11.00000 para top(01)
Mensaje D / 00:00:00:045 / managing_console(02) / ... para top(01)
Mensaje Y / 00:00:00:045 / top(01) / serverstates /     11.00000 para Root(00)
Mensaje D / 00:00:00:045 / top(01) / ... para Root(00)
Mensaje X / 00:00:00:050 / Root(00) / fault /      1.00000 para top(01)
Mensaje X / 00:00:00:050 / top(01) / fault /      1.00000 para network2(03)
Mensaje X / 00:00:00:050 / network2(03) / fault /      1.00000 para server1(04)
Mensaje Y / 00:00:00:050 / server1(04) / serverstate1 /      0.00000 para network2(03)
Mensaje D / 00:00:00:050 / server1(04) / ... para network2(03)
Mensaje Y / 00:00:00:050 / network2(03) / serverstate1 /      0.00000 para top(01)
Mensaje D / 00:00:00:050 / network2(03) / ... para top(01)
Mensaje X / 00:00:00:050 / top(01) / serverstate1 /      0.00000 para managing_console(02)
Mensaje Y / 00:00:00:050 / managing_console(02) / serverstates /     10.00000 para top(01)
Mensaje Y / 00:00:00:050 / managing_console(02) / command1 /     13.00000 para top(01)
Mensaje Y / 00:00:00:050 / managing_console(02) / serverstates /     31.00000 para top(01)
Mensaje D / 00:00:00:050 / managing_console(02) / ... para top(01)
Mensaje Y / 00:00:00:050 / top(01) / serverstates /     10.00000 para Root(00)
Mensaje X / 00:00:00:050 / top(01) / command1 /     13.00000 para network2(03)
Mensaje Y / 00:00:00:050 / top(01) / serverstates /     31.00000 para Root(00)
Mensaje X / 00:00:00:050 / network2(03) / command1 /     13.00000 para server1(04)
Mensaje Y / 00:00:00:050 / server1(04) / users13 /     32.00000 para network2(03)
Mensaje D / 00:00:00:050 / server1(04) / ... para network2(03)
Mensaje X / 00:00:00:050 / network2(03) / users13 /     32.00000 para server3(06)
Mensaje Y / 00:00:00:050 / server3(06) / noclients3 /     32.00000 para network2(03)
Mensaje D / 00:00:00:050 / server3(06) / ... para network2(03)
Mensaje Y / 00:00:00:050 / network2(03) / noclients3 /     32.00000 para top(01)
Mensaje D / 00:00:00:050 / network2(03) / ... para top(01)
Mensaje X / 00:00:00:050 / top(01) / noclients3 /     32.00000 para managing_console(02)
Mensaje Y / 00:00:00:050 / managing_console(02) / serverstates /     31.00000 para top(01)
Mensaje Y / 00:00:00:050 / managing_console(02) / noclients /     32.00000 para top(01)
Mensaje D / 00:00:00:050 / managing_console(02) / ... para top(01)
Mensaje Y / 00:00:00:050 / top(01) / serverstates /     31.00000 para Root(00)
Mensaje Y / 00:00:00:050 / top(01) / noclients /     32.00000 para Root(00)
Mensaje D / 00:00:00:050 / top(01) / ... para Root(00)
Mensaje X / 00:00:00:055 / Root(00) / clients1 /    200.00000 para top(01)
Mensaje X / 00:00:00:055 / top(01) / clients1 /    200.00000 para network2(03)
Mensaje X / 00:00:00:055 / network2(03) / clients1 /    200.00000 para server1(04)
Mensaje Y / 00:00:00:055 / server1(04) / users13 /     20.00000 para network2(03)
Mensaje D / 00:00:00:055 / server1(04) / ... para network2(03)
Mensaje X / 00:00:00:055 / network2(03) / users13 /     20.00000 para server3(06)
Mensaje Y / 00:00:00:055 / server3(06) / noclients3 /     52.00000 para network2(03)
Mensaje D / 00:00:00:055 / server3(06) / ... para network2(03)
Mensaje Y / 00:00:00:055 / network2(03) / noclients3 /     52.00000 para top(01)
Mensaje D / 00:00:00:055 / network2(03) / ... para top(01)
Mensaje X / 00:00:00:055 / top(01) / noclients3 /     52.00000 para managing_console(02)
Mensaje Y / 00:00:00:055 / managing_console(02) / serverstates /     31.00000 para top(01)
Mensaje Y / 00:00:00:055 / managing_console(02) / noclients /     52.00000 para top(01)
Mensaje D / 00:00:00:055 / managing_console(02) / ... para top(01)
Mensaje Y / 00:00:00:055 / top(01) / serverstates /     31.00000 para Root(00)
Mensaje Y / 00:00:00:055 / top(01) / noclients /     52.00000 para Root(00)
Mensaje D / 00:00:00:055 / top(01) / ... para Root(00)
Mensaje X / 00:00:00:060 / Root(00) / fault /      0.00000 para top(01)
Mensaje X / 00:00:00:060 / top(01) / fault /      0.00000 para network2(03)
Mensaje X / 00:00:00:060 / network2(03) / fault /      0.00000 para server1(04)
Mensaje Y / 00:00:00:060 / server1(04) / serverstate1 /      1.00000 para network2(03)
Mensaje D / 00:00:00:060 / server1(04) / ... para network2(03)
Mensaje Y / 00:00:00:060 / network2(03) / serverstate1 /      1.00000 para top(01)
Mensaje D / 00:00:00:060 / network2(03) / ... para top(01)
Mensaje X / 00:00:00:060 / top(01) / serverstate1 /      1.00000 para managing_console(02)
Mensaje Y / 00:00:00:060 / managing_console(02) / serverstates /     11.00000 para top(01)
Mensaje Y / 00:00:00:060 / managing_console(02) / command3 /     31.00000 para top(01)
Mensaje Y / 00:00:00:060 / managing_console(02) / serverstates /     30.00000 para top(01)
Mensaje D / 00:00:00:060 / managing_console(02) / ... para top(01)
Mensaje Y / 00:00:00:060 / top(01) / serverstates /     11.00000 para Root(00)
Mensaje X / 00:00:00:060 / top(01) / command3 /     31.00000 para network2(03)
Mensaje Y / 00:00:00:060 / top(01) / serverstates /     30.00000 para Root(00)
Mensaje X / 00:00:00:060 / network2(03) / command3 /     31.00000 para server3(06)
Mensaje Y / 00:00:00:060 / server3(06) / users31 /     52.00000 para network2(03)
Mensaje Y / 00:00:00:060 / server3(06) / serverstate3 /      0.00000 para network2(03)
Mensaje Y / 00:00:00:060 / server3(06) / noclients3 /      0.00000 para network2(03)
Mensaje D / 00:00:00:060 / server3(06) / ... para network2(03)
Mensaje X / 00:00:00:060 / network2(03) / users31 /     52.00000 para server1(04)
Mensaje Y / 00:00:00:060 / network2(03) / serverstate3 /      0.00000 para top(01)
Mensaje Y / 00:00:00:060 / network2(03) / noclients3 /      0.00000 para top(01)
Mensaje Y / 00:00:00:060 / server1(04) / noclients1 /     52.00000 para network2(03)
Mensaje D / 00:00:00:060 / server1(04) / ... para network2(03)
Mensaje X / 00:00:00:060 / top(01) / serverstate3 /      0.00000 para managing_console(02)
Mensaje X / 00:00:00:060 / top(01) / noclients3 /      0.00000 para managing_console(02)
Mensaje Y / 00:00:00:060 / network2(03) / noclients1 /     52.00000 para top(01)
Mensaje D / 00:00:00:060 / network2(03) / ... para top(01)
Mensaje Y / 00:00:00:060 / managing_console(02) / serverstates /     30.00000 para top(01)
Mensaje D / 00:00:00:060 / managing_console(02) / ... para top(01)
Mensaje Y / 00:00:00:060 / managing_console(02) / serverstates /     31.00000 para top(01)
Mensaje Y / 00:00:00:060 / managing_console(02) / noclients /      0.00000 para top(01)
Mensaje D / 00:00:00:060 / managing_console(02) / ... para top(01)
Mensaje X / 00:00:00:060 / top(01) / noclients1 /     52.00000 para managing_console(02)
Mensaje Y / 00:00:00:060 / top(01) / serverstates /     30.00000 para Root(00)
Mensaje Y / 00:00:00:060 / top(01) / serverstates /     31.00000 para Root(00)
Mensaje Y / 00:00:00:060 / top(01) / noclients /      0.00000 para Root(00)
Mensaje D / 00:00:00:060 / managing_console(02) / ... para top(01)
Mensaje D / 00:00:00:060 / top(01) / ... para Root(00)
Mensaje X / 00:00:00:065 / Root(00) / clients1 /    160.00000 para top(01)
Mensaje X / 00:00:00:065 / top(01) / clients1 /    160.00000 para network2(03)
Mensaje X / 00:00:00:065 / network2(03) / clients1 /    160.00000 para server1(04)
Mensaje Y / 00:00:00:065 / server1(04) / noclients1 /     68.00000 para network2(03)
Mensaje Y / 00:00:00:065 / server1(04) / serverstate1 /      1.00000 para network2(03)
Mensaje D / 00:00:00:065 / server1(04) / ... para network2(03)
Mensaje Y / 00:00:00:065 / network2(03) / noclients1 /     68.00000 para top(01)
Mensaje Y / 00:00:00:065 / network2(03) / serverstate1 /      1.00000 para top(01)
Mensaje D / 00:00:00:065 / network2(03) / ... para top(01)
Mensaje X / 00:00:00:065 / top(01) / noclients1 /     68.00000 para managing_console(02)
Mensaje X / 00:00:00:065 / top(01) / serverstate1 /      1.00000 para managing_console(02)
Mensaje D / 00:00:00:065 / managing_console(02) / ... para top(01)
Mensaje Y / 00:00:00:065 / managing_console(02) / serverstates /     11.00000 para top(01)
Mensaje D / 00:00:00:065 / managing_console(02) / ... para top(01)
Mensaje Y / 00:00:00:065 / top(01) / serverstates /     11.00000 para Root(00)
Mensaje D / 00:00:00:065 / top(01) / ... para Root(00)
